<?xml version="1.0" encoding="UTF-8"?>
<!-- Generated by org.testng.reporters.JUnitReportReporter -->
<testsuite skipped="0" hostname="MSI" name="testcases.ServiceAppointment" tests="1" failures="0" timestamp="2022-07-03T20:00:16 IST" time="36.019" errors="0">
  <testcase name="serviceAppointment" time="36.019" classname="testcases.ServiceAppointment"/>
  <system-out/>
</testsuite> <!-- testcases.ServiceAppointment -->
