<?xml version="1.0" encoding="UTF-8"?>
<!-- Generated by org.testng.reporters.JUnitReportReporter -->
<testsuite skipped="0" hostname="MSI" name="salesforce.NewRefund" tests="1" failures="0" timestamp="2022-06-20T23:08:53 IST" time="20.770" errors="0">
  <testcase name="newRefund" time="20.770" classname="salesforce.NewRefund"/>
  <system-out/>
</testsuite> <!-- salesforce.NewRefund -->
