<?xml version="1.0" encoding="UTF-8"?>
<!-- Generated by org.testng.reporters.JUnitReportReporter -->
<testsuite skipped="0" hostname="MSI" name="salesforce.Testings" tests="4" failures="0" timestamp="2022-06-27T19:32:23 IST" time="0.007" errors="0">
  <testcase name="getData" time="0.001" classname="salesforce.Testings"/>
  <system-out/>
  <testcase name="getData" time="0.004" classname="salesforce.Testings"/>
  <system-out/>
  <testcase name="getData" time="0.001" classname="salesforce.Testings"/>
  <system-out/>
  <testcase name="getData" time="0.001" classname="salesforce.Testings"/>
  <system-out/>
</testsuite> <!-- salesforce.Testings -->
