<?xml version="1.0" encoding="UTF-8"?>
<!-- Generated by org.testng.reporters.JUnitReportReporter -->
<testsuite skipped="1" hostname="MSI" name="salesforce.BaseClass" tests="1" failures="0" timestamp="2022-06-27T18:45:59 IST" time="0.000" errors="0">
  <testcase name="startBrowser" time="0.000" classname="salesforce.BaseClass">
    <skipped/>
  </testcase> <!-- startBrowser -->
  <system-out/>
</testsuite> <!-- salesforce.BaseClass -->
