<?xml version="1.0" encoding="UTF-8"?>
<!-- Generated by org.testng.reporters.JUnitReportReporter -->
<testsuite skipped="0" hostname="MSI" name="salesforce.CancelAppointment" tests="1" failures="0" timestamp="2022-06-27T11:19:03 IST" time="20.918" errors="0">
  <testcase name="cancelAppointments" time="20.918" classname="salesforce.CancelAppointment"/>
  <system-out/>
</testsuite> <!-- salesforce.CancelAppointment -->
