<?xml version="1.0" encoding="UTF-8"?>
<!-- Generated by org.testng.reporters.JUnitReportReporter -->
<testsuite skipped="0" hostname="MSI" name="salesforce.CreateServiceAppointments" tests="1" failures="0" timestamp="2022-06-26T12:24:53 IST" time="26.870" errors="0">
  <testcase name="createServiceAppointments" time="26.870" classname="salesforce.CreateServiceAppointments"/>
  <system-out/>
</testsuite> <!-- salesforce.CreateServiceAppointments -->
