<?xml version="1.0" encoding="UTF-8"?>
<!-- Generated by org.testng.reporters.JUnitReportReporter -->
<testsuite skipped="0" hostname="MSI" name="salesforce.CreateService" tests="1" failures="0" timestamp="2022-06-21T16:51:21 IST" time="19.406" errors="0">
  <testcase name="createService" time="19.406" classname="salesforce.CreateService"/>
  <system-out/>
</testsuite> <!-- salesforce.CreateService -->
