<?xml version="1.0" encoding="UTF-8"?>
<!-- Generated by org.testng.reporters.JUnitReportReporter -->
<testsuite skipped="0" hostname="MSI" name="salesforce.Test" tests="2" failures="0" timestamp="2022-06-26T12:13:00 IST" time="0.008" errors="0">
  <testcase name="three" time="0.001" classname="salesforce.Test"/>
  <system-out/>
  <testcase name="one" time="0.007" classname="salesforce.Test"/>
  <system-out/>
</testsuite> <!-- salesforce.Test -->
